[2024-04-07 02:03:09] local.DEBUG: array (
  '_token' => 'nClTow9wsobz2F8zIajSNHG3bVkWkSlTJzZ0YtsJ',
  'professors_id' => 'admin@gmail.com',
  'email' => 'hungabeebee1@gmail.com',
  'password' => 'test12345',
  'firstname' => 'KOBPOP',
  'lastname' => 'MYSE4',
  'nickname' => 'ขิง',
  'faculty_id' => '1',
  'area_id' => '1',
  'profile_picture' => 
  \Illuminate\Http\UploadedFile::__set_state(array(
     'test' => false,
     'originalName' => 'Screenshot 2023-10-23 144747.jpg',
     'mimeType' => 'image/jpeg',
     'error' => 0,
     'hashName' => NULL,
  )),
)  
[2024-04-07 02:03:35] local.DEBUG: array (
  '_token' => 'nClTow9wsobz2F8zIajSNHG3bVkWkSlTJzZ0YtsJ',
  'professors_id' => 'admin@gmail.com22',
  'email' => 'hungabeewasdbee1@gmail.com',
  'password' => 'test12345',
  'firstname' => 'KOBPOP',
  'lastname' => 'MYSE4',
  'nickname' => 'ขิง',
  'faculty_id' => '1',
  'area_id' => '1',
  'profile_picture' => 
  \Illuminate\Http\UploadedFile::__set_state(array(
     'test' => false,
     'originalName' => '433416813_704679168542179_7715466570932978413_n.jpg',
     'mimeType' => 'image/jpeg',
     'error' => 0,
     'hashName' => NULL,
  )),
)  
[2024-04-07 02:06:34] local.DEBUG: array (
  '_token' => 'nClTow9wsobz2F8zIajSNHG3bVkWkSlTJzZ0YtsJ',
  'students_id' => 'admin@gmail.com22',
  'email' => 'hungabeewasdbee1@gmail.com',
  'password' => 'test12345',
  'firstname' => 'KOBPOP',
  'lastname' => 'MYSE4',
  'nickname' => 'ขิง',
  'faculty_id' => '1',
  'area_id' => '1',
  'profile_picture' => 
  \Illuminate\Http\UploadedFile::__set_state(array(
     'test' => false,
     'originalName' => '430920278_7507141102669888_3443368809868875081_n.png',
     'mimeType' => 'image/png',
     'error' => 0,
     'hashName' => NULL,
  )),
)  
[2024-04-07 08:03:53] local.ERROR: Cannot use App\Http\Controllers\professorController as professorController because the name is already in use {"exception":"[object] (Symfony\\Component\\ErrorHandler\\Error\\FatalError(code: 0): Cannot use App\\Http\\Controllers\\professorController as professorController because the name is already in use at G:\\Mystic047-Project-Ativity-Management\\Project-Ativity-Management\\routes\\web.php:6)
[stacktrace]
#0 {main}
"} 
[2024-04-07 11:24:09] local.ERROR: Undefined variable $request {"exception":"[object] (ErrorException(code: 0): Undefined variable $request at G:\\Mystic047-Project-Ativity-Management\\Project-Ativity-Management\\app\\Http\\Controllers\\coordinatorController.php:24)
[stacktrace]
#0 G:\\Mystic047-Project-Ativity-Management\\Project-Ativity-Management\\vendor\\laravel\\framework\\src\\Illuminate\\Foundation\\Bootstrap\\HandleExceptions.php(255): Illuminate\\Foundation\\Bootstrap\\HandleExceptions->handleError(2, 'Undefined varia...', 'G:\\\\Mystic047-Pr...', 24)
#1 G:\\Mystic047-Project-Ativity-Management\\Project-Ativity-Management\\app\\Http\\Controllers\\coordinatorController.php(24): Illuminate\\Foundation\\Bootstrap\\HandleExceptions->Illuminate\\Foundation\\Bootstrap\\{closure}(2, 'Undefined varia...', 'G:\\\\Mystic047-Pr...', 24)
#2 G:\\Mystic047-Project-Ativity-Management\\Project-Ativity-Management\\vendor\\laravel\\framework\\src\\Illuminate\\Routing\\Controller.php(54): App\\Http\\Controllers\\coordinatorController->create()
#3 G:\\Mystic047-Project-Ativity-Management\\Project-Ativity-Management\\vendor\\laravel\\framework\\src\\Illuminate\\Routing\\ControllerDispatcher.php(43): Illuminate\\Routing\\Controller->callAction('create', Array)
#4 G:\\Mystic047-Project-Ativity-Management\\Project-Ativity-Management\\vendor\\laravel\\framework\\src\\Illuminate\\Routing\\Route.php(259): Illuminate\\Routing\\ControllerDispatcher->dispatch(Object(Illuminate\\Routing\\Route), Object(App\\Http\\Controllers\\coordinatorController), 'create')
#5 G:\\Mystic047-Project-Ativity-Management\\Project-Ativity-Management\\vendor\\laravel\\framework\\src\\Illuminate\\Routing\\Route.php(205): Illuminate\\Routing\\Route->runController()
#6 G:\\Mystic047-Project-Ativity-Management\\Project-Ativity-Management\\vendor\\laravel\\framework\\src\\Illuminate\\Routing\\Router.php(806): Illuminate\\Routing\\Route->run()
#7 G:\\Mystic047-Project-Ativity-Management\\Project-Ativity-Management\\vendor\\laravel\\framework\\src\\Illuminate\\Pipeline\\Pipeline.php(144): Illuminate\\Routing\\Router->Illuminate\\Routing\\{closure}(Object(Illuminate\\Http\\Request))
#8 G:\\Mystic047-Project-Ativity-Management\\Project-Ativity-Management\\vendor\\laravel\\framework\\src\\Illuminate\\Routing\\Middleware\\SubstituteBindings.php(50): Illuminate\\Pipeline\\Pipeline->Illuminate\\Pipeline\\{closure}(Object(Illuminate\\Http\\Request))
#9 G:\\Mystic047-Project-Ativity-Management\\Project-Ativity-Management\\vendor\\laravel\\framework\\src\\Illuminate\\Pipeline\\Pipeline.php(183): Illuminate\\Routing\\Middleware\\SubstituteBindings->handle(Object(Illuminate\\Http\\Request), Object(Closure))
#10 G:\\Mystic047-Project-Ativity-Management\\Project-Ativity-Management\\vendor\\laravel\\framework\\src\\Illuminate\\Foundation\\Http\\Middleware\\VerifyCsrfToken.php(78): Illuminate\\Pipeline\\Pipeline->Illuminate\\Pipeline\\{closure}(Object(Illuminate\\Http\\Request))
#11 G:\\Mystic047-Project-Ativity-Management\\Project-Ativity-Management\\vendor\\laravel\\framework\\src\\Illuminate\\Pipeline\\Pipeline.php(183): Illuminate\\Foundation\\Http\\Middleware\\VerifyCsrfToken->handle(Object(Illuminate\\Http\\Request), Object(Closure))
#12 G:\\Mystic047-Project-Ativity-Management\\Project-Ativity-Management\\vendor\\laravel\\framework\\src\\Illuminate\\View\\Middleware\\ShareErrorsFromSession.php(49): Illuminate\\Pipeline\\Pipeline->Illuminate\\Pipeline\\{closure}(Object(Illuminate\\Http\\Request))
#13 G:\\Mystic047-Project-Ativity-Management\\Project-Ativity-Management\\vendor\\laravel\\framework\\src\\Illuminate\\Pipeline\\Pipeline.php(183): Illuminate\\View\\Middleware\\ShareErrorsFromSession->handle(Object(Illuminate\\Http\\Request), Object(Closure))
#14 G:\\Mystic047-Project-Ativity-Management\\Project-Ativity-Management\\vendor\\laravel\\framework\\src\\Illuminate\\Session\\Middleware\\StartSession.php(121): Illuminate\\Pipeline\\Pipeline->Illuminate\\Pipeline\\{closure}(Object(Illuminate\\Http\\Request))
#15 G:\\Mystic047-Project-Ativity-Management\\Project-Ativity-Management\\vendor\\laravel\\framework\\src\\Illuminate\\Session\\Middleware\\StartSession.php(64): Illuminate\\Session\\Middleware\\StartSession->handleStatefulRequest(Object(Illuminate\\Http\\Request), Object(Illuminate\\Session\\Store), Object(Closure))
#16 G:\\Mystic047-Project-Ativity-Management\\Project-Ativity-Management\\vendor\\laravel\\framework\\src\\Illuminate\\Pipeline\\Pipeline.php(183): Illuminate\\Session\\Middleware\\StartSession->handle(Object(Illuminate\\Http\\Request), Object(Closure))
#17 G:\\Mystic047-Project-Ativity-Management\\Project-Ativity-Management\\vendor\\laravel\\framework\\src\\Illuminate\\Cookie\\Middleware\\AddQueuedCookiesToResponse.php(37): Illuminate\\Pipeline\\Pipeline->Illuminate\\Pipeline\\{closure}(Object(Illuminate\\Http\\Request))
#18 G:\\Mystic047-Project-Ativity-Management\\Project-Ativity-Management\\vendor\\laravel\\framework\\src\\Illuminate\\Pipeline\\Pipeline.php(183): Illuminate\\Cookie\\Middleware\\AddQueuedCookiesToResponse->handle(Object(Illuminate\\Http\\Request), Object(Closure))
#19 G:\\Mystic047-Project-Ativity-Management\\Project-Ativity-Management\\vendor\\laravel\\framework\\src\\Illuminate\\Cookie\\Middleware\\EncryptCookies.php(67): Illuminate\\Pipeline\\Pipeline->Illuminate\\Pipeline\\{closure}(Object(Illuminate\\Http\\Request))
#20 G:\\Mystic047-Project-Ativity-Management\\Project-Ativity-Management\\vendor\\laravel\\framework\\src\\Illuminate\\Pipeline\\Pipeline.php(183): Illuminate\\Cookie\\Middleware\\EncryptCookies->handle(Object(Illuminate\\Http\\Request), Object(Closure))
#21 G:\\Mystic047-Project-Ativity-Management\\Project-Ativity-Management\\vendor\\laravel\\framework\\src\\Illuminate\\Pipeline\\Pipeline.php(119): Illuminate\\Pipeline\\Pipeline->Illuminate\\Pipeline\\{closure}(Object(Illuminate\\Http\\Request))
#22 G:\\Mystic047-Project-Ativity-Management\\Project-Ativity-Management\\vendor\\laravel\\framework\\src\\Illuminate\\Routing\\Router.php(805): Illuminate\\Pipeline\\Pipeline->then(Object(Closure))
#23 G:\\Mystic047-Project-Ativity-Management\\Project-Ativity-Management\\vendor\\laravel\\framework\\src\\Illuminate\\Routing\\Router.php(784): Illuminate\\Routing\\Router->runRouteWithinStack(Object(Illuminate\\Routing\\Route), Object(Illuminate\\Http\\Request))
#24 G:\\Mystic047-Project-Ativity-Management\\Project-Ativity-Management\\vendor\\laravel\\framework\\src\\Illuminate\\Routing\\Router.php(748): Illuminate\\Routing\\Router->runRoute(Object(Illuminate\\Http\\Request), Object(Illuminate\\Routing\\Route))
#25 G:\\Mystic047-Project-Ativity-Management\\Project-Ativity-Management\\vendor\\laravel\\framework\\src\\Illuminate\\Routing\\Router.php(737): Illuminate\\Routing\\Router->dispatchToRoute(Object(Illuminate\\Http\\Request))
#26 G:\\Mystic047-Project-Ativity-Management\\Project-Ativity-Management\\vendor\\laravel\\framework\\src\\Illuminate\\Foundation\\Http\\Kernel.php(200): Illuminate\\Routing\\Router->dispatch(Object(Illuminate\\Http\\Request))
#27 G:\\Mystic047-Project-Ativity-Management\\Project-Ativity-Management\\vendor\\laravel\\framework\\src\\Illuminate\\Pipeline\\Pipeline.php(144): Illuminate\\Foundation\\Http\\Kernel->Illuminate\\Foundation\\Http\\{closure}(Object(Illuminate\\Http\\Request))
#28 G:\\Mystic047-Project-Ativity-Management\\Project-Ativity-Management\\vendor\\laravel\\framework\\src\\Illuminate\\Foundation\\Http\\Middleware\\TransformsRequest.php(21): Illuminate\\Pipeline\\Pipeline->Illuminate\\Pipeline\\{closure}(Object(Illuminate\\Http\\Request))
#29 G:\\Mystic047-Project-Ativity-Management\\Project-Ativity-Management\\vendor\\laravel\\framework\\src\\Illuminate\\Foundation\\Http\\Middleware\\ConvertEmptyStringsToNull.php(31): Illuminate\\Foundation\\Http\\Middleware\\TransformsRequest->handle(Object(Illuminate\\Http\\Request), Object(Closure))
#30 G:\\Mystic047-Project-Ativity-Management\\Project-Ativity-Management\\vendor\\laravel\\framework\\src\\Illuminate\\Pipeline\\Pipeline.php(183): Illuminate\\Foundation\\Http\\Middleware\\ConvertEmptyStringsToNull->handle(Object(Illuminate\\Http\\Request), Object(Closure))
#31 G:\\Mystic047-Project-Ativity-Management\\Project-Ativity-Management\\vendor\\laravel\\framework\\src\\Illuminate\\Foundation\\Http\\Middleware\\TransformsRequest.php(21): Illuminate\\Pipeline\\Pipeline->Illuminate\\Pipeline\\{closure}(Object(Illuminate\\Http\\Request))
#32 G:\\Mystic047-Project-Ativity-Management\\Project-Ativity-Management\\vendor\\laravel\\framework\\src\\Illuminate\\Foundation\\Http\\Middleware\\TrimStrings.php(40): Illuminate\\Foundation\\Http\\Middleware\\TransformsRequest->handle(Object(Illuminate\\Http\\Request), Object(Closure))
#33 G:\\Mystic047-Project-Ativity-Management\\Project-Ativity-Management\\vendor\\laravel\\framework\\src\\Illuminate\\Pipeline\\Pipeline.php(183): Illuminate\\Foundation\\Http\\Middleware\\TrimStrings->handle(Object(Illuminate\\Http\\Request), Object(Closure))
#34 G:\\Mystic047-Project-Ativity-Management\\Project-Ativity-Management\\vendor\\laravel\\framework\\src\\Illuminate\\Foundation\\Http\\Middleware\\ValidatePostSize.php(27): Illuminate\\Pipeline\\Pipeline->Illuminate\\Pipeline\\{closure}(Object(Illuminate\\Http\\Request))
#35 G:\\Mystic047-Project-Ativity-Management\\Project-Ativity-Management\\vendor\\laravel\\framework\\src\\Illuminate\\Pipeline\\Pipeline.php(183): Illuminate\\Foundation\\Http\\Middleware\\ValidatePostSize->handle(Object(Illuminate\\Http\\Request), Object(Closure))
#36 G:\\Mystic047-Project-Ativity-Management\\Project-Ativity-Management\\vendor\\laravel\\framework\\src\\Illuminate\\Foundation\\Http\\Middleware\\PreventRequestsDuringMaintenance.php(99): Illuminate\\Pipeline\\Pipeline->Illuminate\\Pipeline\\{closure}(Object(Illuminate\\Http\\Request))
#37 G:\\Mystic047-Project-Ativity-Management\\Project-Ativity-Management\\vendor\\laravel\\framework\\src\\Illuminate\\Pipeline\\Pipeline.php(183): Illuminate\\Foundation\\Http\\Middleware\\PreventRequestsDuringMaintenance->handle(Object(Illuminate\\Http\\Request), Object(Closure))
#38 G:\\Mystic047-Project-Ativity-Management\\Project-Ativity-Management\\vendor\\laravel\\framework\\src\\Illuminate\\Http\\Middleware\\HandleCors.php(49): Illuminate\\Pipeline\\Pipeline->Illuminate\\Pipeline\\{closure}(Object(Illuminate\\Http\\Request))
#39 G:\\Mystic047-Project-Ativity-Management\\Project-Ativity-Management\\vendor\\laravel\\framework\\src\\Illuminate\\Pipeline\\Pipeline.php(183): Illuminate\\Http\\Middleware\\HandleCors->handle(Object(Illuminate\\Http\\Request), Object(Closure))
#40 G:\\Mystic047-Project-Ativity-Management\\Project-Ativity-Management\\vendor\\laravel\\framework\\src\\Illuminate\\Http\\Middleware\\TrustProxies.php(39): Illuminate\\Pipeline\\Pipeline->Illuminate\\Pipeline\\{closure}(Object(Illuminate\\Http\\Request))
#41 G:\\Mystic047-Project-Ativity-Management\\Project-Ativity-Management\\vendor\\laravel\\framework\\src\\Illuminate\\Pipeline\\Pipeline.php(183): Illuminate\\Http\\Middleware\\TrustProxies->handle(Object(Illuminate\\Http\\Request), Object(Closure))
#42 G:\\Mystic047-Project-Ativity-Management\\Project-Ativity-Management\\vendor\\laravel\\framework\\src\\Illuminate\\Pipeline\\Pipeline.php(119): Illuminate\\Pipeline\\Pipeline->Illuminate\\Pipeline\\{closure}(Object(Illuminate\\Http\\Request))
#43 G:\\Mystic047-Project-Ativity-Management\\Project-Ativity-Management\\vendor\\laravel\\framework\\src\\Illuminate\\Foundation\\Http\\Kernel.php(175): Illuminate\\Pipeline\\Pipeline->then(Object(Closure))
#44 G:\\Mystic047-Project-Ativity-Management\\Project-Ativity-Management\\vendor\\laravel\\framework\\src\\Illuminate\\Foundation\\Http\\Kernel.php(144): Illuminate\\Foundation\\Http\\Kernel->sendRequestThroughRouter(Object(Illuminate\\Http\\Request))
#45 G:\\Mystic047-Project-Ativity-Management\\Project-Ativity-Management\\public\\index.php(51): Illuminate\\Foundation\\Http\\Kernel->handle(Object(Illuminate\\Http\\Request))
#46 G:\\Mystic047-Project-Ativity-Management\\Project-Ativity-Management\\vendor\\laravel\\framework\\src\\Illuminate\\Foundation\\resources\\server.php(16): require_once('G:\\\\Mystic047-Pr...')
#47 {main}
"} 
[2024-04-07 11:30:15] local.DEBUG: array (
  '_token' => 'hHmrQwfbSQVvZoDHffaLRopOdKUJ9n7sPsJlRfv0',
  'students_id' => 'admin@gmail.com2223323',
  'email' => 'hungabeew22323asdbee1@gmail.com',
  'password' => 'test12345',
  'firstname' => 'KOBPOP',
  'lastname' => 'MYSE4',
  'nickname' => 'ขิง',
  'faculty_id' => '1',
  'area_id' => '1',
  'profile_picture' => 
  \Illuminate\Http\UploadedFile::__set_state(array(
     'test' => false,
     'originalName' => 'test.jpg',
     'mimeType' => 'image/jpeg',
     'error' => 0,
     'hashName' => NULL,
  )),
)  
[2024-04-07 11:31:40] local.DEBUG: array (
  '_token' => 'hHmrQwfbSQVvZoDHffaLRopOdKUJ9n7sPsJlRfv0',
  'ac_id' => 'dwda23231',
  'email' => 'hungabe222ebe2323e1@gmail.com',
  'password' => 'test123453',
  'firstname' => 'KOBPOP2',
  'lastname' => 'MYSE423',
  'nickname' => 'ขิง',
  'faculty_id' => '1',
  'area_id' => '1',
  'profile_picture' => 
  \Illuminate\Http\UploadedFile::__set_state(array(
     'test' => false,
     'originalName' => 'test.jpg',
     'mimeType' => 'image/jpeg',
     'error' => 0,
     'hashName' => NULL,
  )),
)  
[2024-04-08 02:04:35] local.ERROR: The "--columns" option does not exist. {"exception":"[object] (Symfony\\Component\\Console\\Exception\\RuntimeException(code: 0): The \"--columns\" option does not exist. at G:\\Mystic047-Project-Ativity-Management\\Project-Ativity-Management\\vendor\\symfony\\console\\Input\\ArgvInput.php:223)
[stacktrace]
#0 G:\\Mystic047-Project-Ativity-Management\\Project-Ativity-Management\\vendor\\symfony\\console\\Input\\ArgvInput.php(150): Symfony\\Component\\Console\\Input\\ArgvInput->addLongOption('columns', 'uri,name,action...')
#1 G:\\Mystic047-Project-Ativity-Management\\Project-Ativity-Management\\vendor\\symfony\\console\\Input\\ArgvInput.php(85): Symfony\\Component\\Console\\Input\\ArgvInput->parseLongOption('--columns=uri,n...')
#2 G:\\Mystic047-Project-Ativity-Management\\Project-Ativity-Management\\vendor\\symfony\\console\\Input\\ArgvInput.php(74): Symfony\\Component\\Console\\Input\\ArgvInput->parseToken('--columns=uri,n...', true)
#3 G:\\Mystic047-Project-Ativity-Management\\Project-Ativity-Management\\vendor\\symfony\\console\\Input\\Input.php(56): Symfony\\Component\\Console\\Input\\ArgvInput->parse()
#4 G:\\Mystic047-Project-Ativity-Management\\Project-Ativity-Management\\vendor\\symfony\\console\\Command\\Command.php(285): Symfony\\Component\\Console\\Input\\Input->bind(Object(Symfony\\Component\\Console\\Input\\InputDefinition))
#5 G:\\Mystic047-Project-Ativity-Management\\Project-Ativity-Management\\vendor\\laravel\\framework\\src\\Illuminate\\Console\\Command.php(180): Symfony\\Component\\Console\\Command\\Command->run(Object(Symfony\\Component\\Console\\Input\\ArgvInput), Object(Illuminate\\Console\\OutputStyle))
#6 G:\\Mystic047-Project-Ativity-Management\\Project-Ativity-Management\\vendor\\symfony\\console\\Application.php(1096): Illuminate\\Console\\Command->run(Object(Symfony\\Component\\Console\\Input\\ArgvInput), Object(Symfony\\Component\\Console\\Output\\ConsoleOutput))
#7 G:\\Mystic047-Project-Ativity-Management\\Project-Ativity-Management\\vendor\\symfony\\console\\Application.php(324): Symfony\\Component\\Console\\Application->doRunCommand(Object(Illuminate\\Foundation\\Console\\RouteListCommand), Object(Symfony\\Component\\Console\\Input\\ArgvInput), Object(Symfony\\Component\\Console\\Output\\ConsoleOutput))
#8 G:\\Mystic047-Project-Ativity-Management\\Project-Ativity-Management\\vendor\\symfony\\console\\Application.php(175): Symfony\\Component\\Console\\Application->doRun(Object(Symfony\\Component\\Console\\Input\\ArgvInput), Object(Symfony\\Component\\Console\\Output\\ConsoleOutput))
#9 G:\\Mystic047-Project-Ativity-Management\\Project-Ativity-Management\\vendor\\laravel\\framework\\src\\Illuminate\\Foundation\\Console\\Kernel.php(201): Symfony\\Component\\Console\\Application->run(Object(Symfony\\Component\\Console\\Input\\ArgvInput), Object(Symfony\\Component\\Console\\Output\\ConsoleOutput))
#10 G:\\Mystic047-Project-Ativity-Management\\Project-Ativity-Management\\artisan(35): Illuminate\\Foundation\\Console\\Kernel->handle(Object(Symfony\\Component\\Console\\Input\\ArgvInput), Object(Symfony\\Component\\Console\\Output\\ConsoleOutput))
#11 {main}
"} 
[2024-04-08 02:04:38] local.ERROR: The "--columns" option does not exist. {"exception":"[object] (Symfony\\Component\\Console\\Exception\\RuntimeException(code: 0): The \"--columns\" option does not exist. at G:\\Mystic047-Project-Ativity-Management\\Project-Ativity-Management\\vendor\\symfony\\console\\Input\\ArgvInput.php:223)
[stacktrace]
#0 G:\\Mystic047-Project-Ativity-Management\\Project-Ativity-Management\\vendor\\symfony\\console\\Input\\ArgvInput.php(150): Symfony\\Component\\Console\\Input\\ArgvInput->addLongOption('columns', 'uri,name,action...')
#1 G:\\Mystic047-Project-Ativity-Management\\Project-Ativity-Management\\vendor\\symfony\\console\\Input\\ArgvInput.php(85): Symfony\\Component\\Console\\Input\\ArgvInput->parseLongOption('--columns=uri,n...')
#2 G:\\Mystic047-Project-Ativity-Management\\Project-Ativity-Management\\vendor\\symfony\\console\\Input\\ArgvInput.php(74): Symfony\\Component\\Console\\Input\\ArgvInput->parseToken('--columns=uri,n...', true)
#3 G:\\Mystic047-Project-Ativity-Management\\Project-Ativity-Management\\vendor\\symfony\\console\\Input\\Input.php(56): Symfony\\Component\\Console\\Input\\ArgvInput->parse()
#4 G:\\Mystic047-Project-Ativity-Management\\Project-Ativity-Management\\vendor\\symfony\\console\\Command\\Command.php(285): Symfony\\Component\\Console\\Input\\Input->bind(Object(Symfony\\Component\\Console\\Input\\InputDefinition))
#5 G:\\Mystic047-Project-Ativity-Management\\Project-Ativity-Management\\vendor\\laravel\\framework\\src\\Illuminate\\Console\\Command.php(180): Symfony\\Component\\Console\\Command\\Command->run(Object(Symfony\\Component\\Console\\Input\\ArgvInput), Object(Illuminate\\Console\\OutputStyle))
#6 G:\\Mystic047-Project-Ativity-Management\\Project-Ativity-Management\\vendor\\symfony\\console\\Application.php(1096): Illuminate\\Console\\Command->run(Object(Symfony\\Component\\Console\\Input\\ArgvInput), Object(Symfony\\Component\\Console\\Output\\ConsoleOutput))
#7 G:\\Mystic047-Project-Ativity-Management\\Project-Ativity-Management\\vendor\\symfony\\console\\Application.php(324): Symfony\\Component\\Console\\Application->doRunCommand(Object(Illuminate\\Foundation\\Console\\RouteListCommand), Object(Symfony\\Component\\Console\\Input\\ArgvInput), Object(Symfony\\Component\\Console\\Output\\ConsoleOutput))
#8 G:\\Mystic047-Project-Ativity-Management\\Project-Ativity-Management\\vendor\\symfony\\console\\Application.php(175): Symfony\\Component\\Console\\Application->doRun(Object(Symfony\\Component\\Console\\Input\\ArgvInput), Object(Symfony\\Component\\Console\\Output\\ConsoleOutput))
#9 G:\\Mystic047-Project-Ativity-Management\\Project-Ativity-Management\\vendor\\laravel\\framework\\src\\Illuminate\\Foundation\\Console\\Kernel.php(201): Symfony\\Component\\Console\\Application->run(Object(Symfony\\Component\\Console\\Input\\ArgvInput), Object(Symfony\\Component\\Console\\Output\\ConsoleOutput))
#10 G:\\Mystic047-Project-Ativity-Management\\Project-Ativity-Management\\artisan(35): Illuminate\\Foundation\\Console\\Kernel->handle(Object(Symfony\\Component\\Console\\Input\\ArgvInput), Object(Symfony\\Component\\Console\\Output\\ConsoleOutput))
#11 {main}
"} 
[2024-04-08 02:04:40] local.ERROR: The "--columns" option does not exist. {"exception":"[object] (Symfony\\Component\\Console\\Exception\\RuntimeException(code: 0): The \"--columns\" option does not exist. at G:\\Mystic047-Project-Ativity-Management\\Project-Ativity-Management\\vendor\\symfony\\console\\Input\\ArgvInput.php:223)
[stacktrace]
#0 G:\\Mystic047-Project-Ativity-Management\\Project-Ativity-Management\\vendor\\symfony\\console\\Input\\ArgvInput.php(150): Symfony\\Component\\Console\\Input\\ArgvInput->addLongOption('columns', 'uri,name,action...')
#1 G:\\Mystic047-Project-Ativity-Management\\Project-Ativity-Management\\vendor\\symfony\\console\\Input\\ArgvInput.php(85): Symfony\\Component\\Console\\Input\\ArgvInput->parseLongOption('--columns=uri,n...')
#2 G:\\Mystic047-Project-Ativity-Management\\Project-Ativity-Management\\vendor\\symfony\\console\\Input\\ArgvInput.php(74): Symfony\\Component\\Console\\Input\\ArgvInput->parseToken('--columns=uri,n...', true)
#3 G:\\Mystic047-Project-Ativity-Management\\Project-Ativity-Management\\vendor\\symfony\\console\\Input\\Input.php(56): Symfony\\Component\\Console\\Input\\ArgvInput->parse()
#4 G:\\Mystic047-Project-Ativity-Management\\Project-Ativity-Management\\vendor\\symfony\\console\\Command\\Command.php(285): Symfony\\Component\\Console\\Input\\Input->bind(Object(Symfony\\Component\\Console\\Input\\InputDefinition))
#5 G:\\Mystic047-Project-Ativity-Management\\Project-Ativity-Management\\vendor\\laravel\\framework\\src\\Illuminate\\Console\\Command.php(180): Symfony\\Component\\Console\\Command\\Command->run(Object(Symfony\\Component\\Console\\Input\\ArgvInput), Object(Illuminate\\Console\\OutputStyle))
#6 G:\\Mystic047-Project-Ativity-Management\\Project-Ativity-Management\\vendor\\symfony\\console\\Application.php(1096): Illuminate\\Console\\Command->run(Object(Symfony\\Component\\Console\\Input\\ArgvInput), Object(Symfony\\Component\\Console\\Output\\ConsoleOutput))
#7 G:\\Mystic047-Project-Ativity-Management\\Project-Ativity-Management\\vendor\\symfony\\console\\Application.php(324): Symfony\\Component\\Console\\Application->doRunCommand(Object(Illuminate\\Foundation\\Console\\RouteListCommand), Object(Symfony\\Component\\Console\\Input\\ArgvInput), Object(Symfony\\Component\\Console\\Output\\ConsoleOutput))
#8 G:\\Mystic047-Project-Ativity-Management\\Project-Ativity-Management\\vendor\\symfony\\console\\Application.php(175): Symfony\\Component\\Console\\Application->doRun(Object(Symfony\\Component\\Console\\Input\\ArgvInput), Object(Symfony\\Component\\Console\\Output\\ConsoleOutput))
#9 G:\\Mystic047-Project-Ativity-Management\\Project-Ativity-Management\\vendor\\laravel\\framework\\src\\Illuminate\\Foundation\\Console\\Kernel.php(201): Symfony\\Component\\Console\\Application->run(Object(Symfony\\Component\\Console\\Input\\ArgvInput), Object(Symfony\\Component\\Console\\Output\\ConsoleOutput))
#10 G:\\Mystic047-Project-Ativity-Management\\Project-Ativity-Management\\artisan(35): Illuminate\\Foundation\\Console\\Kernel->handle(Object(Symfony\\Component\\Console\\Input\\ArgvInput), Object(Symfony\\Component\\Console\\Output\\ConsoleOutput))
#11 {main}
"} 
[2024-04-10 13:52:13] local.ERROR: The "--columns" option does not exist. {"exception":"[object] (Symfony\\Component\\Console\\Exception\\RuntimeException(code: 0): The \"--columns\" option does not exist. at G:\\Mystic047-Project-Ativity-Management\\Project-Ativity-Management\\vendor\\symfony\\console\\Input\\ArgvInput.php:223)
[stacktrace]
#0 G:\\Mystic047-Project-Ativity-Management\\Project-Ativity-Management\\vendor\\symfony\\console\\Input\\ArgvInput.php(150): Symfony\\Component\\Console\\Input\\ArgvInput->addLongOption('columns', 'uri,name,action...')
#1 G:\\Mystic047-Project-Ativity-Management\\Project-Ativity-Management\\vendor\\symfony\\console\\Input\\ArgvInput.php(85): Symfony\\Component\\Console\\Input\\ArgvInput->parseLongOption('--columns=uri,n...')
#2 G:\\Mystic047-Project-Ativity-Management\\Project-Ativity-Management\\vendor\\symfony\\console\\Input\\ArgvInput.php(74): Symfony\\Component\\Console\\Input\\ArgvInput->parseToken('--columns=uri,n...', true)
#3 G:\\Mystic047-Project-Ativity-Management\\Project-Ativity-Management\\vendor\\symfony\\console\\Input\\Input.php(56): Symfony\\Component\\Console\\Input\\ArgvInput->parse()
#4 G:\\Mystic047-Project-Ativity-Management\\Project-Ativity-Management\\vendor\\symfony\\console\\Command\\Command.php(285): Symfony\\Component\\Console\\Input\\Input->bind(Object(Symfony\\Component\\Console\\Input\\InputDefinition))
#5 G:\\Mystic047-Project-Ativity-Management\\Project-Ativity-Management\\vendor\\laravel\\framework\\src\\Illuminate\\Console\\Command.php(180): Symfony\\Component\\Console\\Command\\Command->run(Object(Symfony\\Component\\Console\\Input\\ArgvInput), Object(Illuminate\\Console\\OutputStyle))
#6 G:\\Mystic047-Project-Ativity-Management\\Project-Ativity-Management\\vendor\\symfony\\console\\Application.php(1096): Illuminate\\Console\\Command->run(Object(Symfony\\Component\\Console\\Input\\ArgvInput), Object(Symfony\\Component\\Console\\Output\\ConsoleOutput))
#7 G:\\Mystic047-Project-Ativity-Management\\Project-Ativity-Management\\vendor\\symfony\\console\\Application.php(324): Symfony\\Component\\Console\\Application->doRunCommand(Object(Illuminate\\Foundation\\Console\\RouteListCommand), Object(Symfony\\Component\\Console\\Input\\ArgvInput), Object(Symfony\\Component\\Console\\Output\\ConsoleOutput))
#8 G:\\Mystic047-Project-Ativity-Management\\Project-Ativity-Management\\vendor\\symfony\\console\\Application.php(175): Symfony\\Component\\Console\\Application->doRun(Object(Symfony\\Component\\Console\\Input\\ArgvInput), Object(Symfony\\Component\\Console\\Output\\ConsoleOutput))
#9 G:\\Mystic047-Project-Ativity-Management\\Project-Ativity-Management\\vendor\\laravel\\framework\\src\\Illuminate\\Foundation\\Console\\Kernel.php(201): Symfony\\Component\\Console\\Application->run(Object(Symfony\\Component\\Console\\Input\\ArgvInput), Object(Symfony\\Component\\Console\\Output\\ConsoleOutput))
#10 G:\\Mystic047-Project-Ativity-Management\\Project-Ativity-Management\\artisan(35): Illuminate\\Foundation\\Console\\Kernel->handle(Object(Symfony\\Component\\Console\\Input\\ArgvInput), Object(Symfony\\Component\\Console\\Output\\ConsoleOutput))
#11 {main}
"} 
[2024-04-10 13:52:15] local.ERROR: The "--columns" option does not exist. {"exception":"[object] (Symfony\\Component\\Console\\Exception\\RuntimeException(code: 0): The \"--columns\" option does not exist. at G:\\Mystic047-Project-Ativity-Management\\Project-Ativity-Management\\vendor\\symfony\\console\\Input\\ArgvInput.php:223)
[stacktrace]
#0 G:\\Mystic047-Project-Ativity-Management\\Project-Ativity-Management\\vendor\\symfony\\console\\Input\\ArgvInput.php(150): Symfony\\Component\\Console\\Input\\ArgvInput->addLongOption('columns', 'uri,name,action...')
#1 G:\\Mystic047-Project-Ativity-Management\\Project-Ativity-Management\\vendor\\symfony\\console\\Input\\ArgvInput.php(85): Symfony\\Component\\Console\\Input\\ArgvInput->parseLongOption('--columns=uri,n...')
#2 G:\\Mystic047-Project-Ativity-Management\\Project-Ativity-Management\\vendor\\symfony\\console\\Input\\ArgvInput.php(74): Symfony\\Component\\Console\\Input\\ArgvInput->parseToken('--columns=uri,n...', true)
#3 G:\\Mystic047-Project-Ativity-Management\\Project-Ativity-Management\\vendor\\symfony\\console\\Input\\Input.php(56): Symfony\\Component\\Console\\Input\\ArgvInput->parse()
#4 G:\\Mystic047-Project-Ativity-Management\\Project-Ativity-Management\\vendor\\symfony\\console\\Command\\Command.php(285): Symfony\\Component\\Console\\Input\\Input->bind(Object(Symfony\\Component\\Console\\Input\\InputDefinition))
#5 G:\\Mystic047-Project-Ativity-Management\\Project-Ativity-Management\\vendor\\laravel\\framework\\src\\Illuminate\\Console\\Command.php(180): Symfony\\Component\\Console\\Command\\Command->run(Object(Symfony\\Component\\Console\\Input\\ArgvInput), Object(Illuminate\\Console\\OutputStyle))
#6 G:\\Mystic047-Project-Ativity-Management\\Project-Ativity-Management\\vendor\\symfony\\console\\Application.php(1096): Illuminate\\Console\\Command->run(Object(Symfony\\Component\\Console\\Input\\ArgvInput), Object(Symfony\\Component\\Console\\Output\\ConsoleOutput))
#7 G:\\Mystic047-Project-Ativity-Management\\Project-Ativity-Management\\vendor\\symfony\\console\\Application.php(324): Symfony\\Component\\Console\\Application->doRunCommand(Object(Illuminate\\Foundation\\Console\\RouteListCommand), Object(Symfony\\Component\\Console\\Input\\ArgvInput), Object(Symfony\\Component\\Console\\Output\\ConsoleOutput))
#8 G:\\Mystic047-Project-Ativity-Management\\Project-Ativity-Management\\vendor\\symfony\\console\\Application.php(175): Symfony\\Component\\Console\\Application->doRun(Object(Symfony\\Component\\Console\\Input\\ArgvInput), Object(Symfony\\Component\\Console\\Output\\ConsoleOutput))
#9 G:\\Mystic047-Project-Ativity-Management\\Project-Ativity-Management\\vendor\\laravel\\framework\\src\\Illuminate\\Foundation\\Console\\Kernel.php(201): Symfony\\Component\\Console\\Application->run(Object(Symfony\\Component\\Console\\Input\\ArgvInput), Object(Symfony\\Component\\Console\\Output\\ConsoleOutput))
#10 G:\\Mystic047-Project-Ativity-Management\\Project-Ativity-Management\\artisan(35): Illuminate\\Foundation\\Console\\Kernel->handle(Object(Symfony\\Component\\Console\\Input\\ArgvInput), Object(Symfony\\Component\\Console\\Output\\ConsoleOutput))
#11 {main}
"} 
[2024-04-10 13:52:17] local.ERROR: The "--columns" option does not exist. {"exception":"[object] (Symfony\\Component\\Console\\Exception\\RuntimeException(code: 0): The \"--columns\" option does not exist. at G:\\Mystic047-Project-Ativity-Management\\Project-Ativity-Management\\vendor\\symfony\\console\\Input\\ArgvInput.php:223)
[stacktrace]
#0 G:\\Mystic047-Project-Ativity-Management\\Project-Ativity-Management\\vendor\\symfony\\console\\Input\\ArgvInput.php(150): Symfony\\Component\\Console\\Input\\ArgvInput->addLongOption('columns', 'uri,name,action...')
#1 G:\\Mystic047-Project-Ativity-Management\\Project-Ativity-Management\\vendor\\symfony\\console\\Input\\ArgvInput.php(85): Symfony\\Component\\Console\\Input\\ArgvInput->parseLongOption('--columns=uri,n...')
#2 G:\\Mystic047-Project-Ativity-Management\\Project-Ativity-Management\\vendor\\symfony\\console\\Input\\ArgvInput.php(74): Symfony\\Component\\Console\\Input\\ArgvInput->parseToken('--columns=uri,n...', true)
#3 G:\\Mystic047-Project-Ativity-Management\\Project-Ativity-Management\\vendor\\symfony\\console\\Input\\Input.php(56): Symfony\\Component\\Console\\Input\\ArgvInput->parse()
#4 G:\\Mystic047-Project-Ativity-Management\\Project-Ativity-Management\\vendor\\symfony\\console\\Command\\Command.php(285): Symfony\\Component\\Console\\Input\\Input->bind(Object(Symfony\\Component\\Console\\Input\\InputDefinition))
#5 G:\\Mystic047-Project-Ativity-Management\\Project-Ativity-Management\\vendor\\laravel\\framework\\src\\Illuminate\\Console\\Command.php(180): Symfony\\Component\\Console\\Command\\Command->run(Object(Symfony\\Component\\Console\\Input\\ArgvInput), Object(Illuminate\\Console\\OutputStyle))
#6 G:\\Mystic047-Project-Ativity-Management\\Project-Ativity-Management\\vendor\\symfony\\console\\Application.php(1096): Illuminate\\Console\\Command->run(Object(Symfony\\Component\\Console\\Input\\ArgvInput), Object(Symfony\\Component\\Console\\Output\\ConsoleOutput))
#7 G:\\Mystic047-Project-Ativity-Management\\Project-Ativity-Management\\vendor\\symfony\\console\\Application.php(324): Symfony\\Component\\Console\\Application->doRunCommand(Object(Illuminate\\Foundation\\Console\\RouteListCommand), Object(Symfony\\Component\\Console\\Input\\ArgvInput), Object(Symfony\\Component\\Console\\Output\\ConsoleOutput))
#8 G:\\Mystic047-Project-Ativity-Management\\Project-Ativity-Management\\vendor\\symfony\\console\\Application.php(175): Symfony\\Component\\Console\\Application->doRun(Object(Symfony\\Component\\Console\\Input\\ArgvInput), Object(Symfony\\Component\\Console\\Output\\ConsoleOutput))
#9 G:\\Mystic047-Project-Ativity-Management\\Project-Ativity-Management\\vendor\\laravel\\framework\\src\\Illuminate\\Foundation\\Console\\Kernel.php(201): Symfony\\Component\\Console\\Application->run(Object(Symfony\\Component\\Console\\Input\\ArgvInput), Object(Symfony\\Component\\Console\\Output\\ConsoleOutput))
#10 G:\\Mystic047-Project-Ativity-Management\\Project-Ativity-Management\\artisan(35): Illuminate\\Foundation\\Console\\Kernel->handle(Object(Symfony\\Component\\Console\\Input\\ArgvInput), Object(Symfony\\Component\\Console\\Output\\ConsoleOutput))
#11 {main}
"} 
